#
# There is insufficient memory for the Java Runtime Environment to continue.
# Native memory allocation (mmap) failed to map 134217728 bytes for Failed to commit area from 0x0000000081800000 to 0x0000000089800000 of length 134217728.
# Possible reasons:
#   The system is out of physical RAM or swap space
#   The process is running with CompressedOops enabled, and the Java Heap may be blocking the growth of the native heap
# Possible solutions:
#   Reduce memory load on the system
#   Increase physical memory or swap space
#   Check if swap backing store is full
#   Decrease Java heap size (-Xmx/-Xms)
#   Decrease number of Java threads
#   Decrease Java thread stack sizes (-Xss)
#   Set larger code cache with -XX:ReservedCodeCacheSize=
# This output file may be truncated or incomplete.
#
#  Out of Memory Error (t:/workspace/open/src/hotspot/os/windows/os_windows.cpp:3269), pid=5160, tid=11304
#
# JRE version:  (11.0.1+13) (build )
# Java VM: Java HotSpot(TM) 64-Bit Server VM (11.0.1+13-LTS, mixed mode, aot, sharing, tiered, compressed oops, g1 gc, windows-amd64)
# No core dump will be written. Minidumps are not enabled by default on client versions of Windows
#

---------------  S U M M A R Y ------------

Command Line: -Dcom.sun.management.jmxremote -Dcom.sun.management.jmxremote.port=58858 -Dcom.sun.management.jmxremote.authenticate=false -Dcom.sun.management.jmxremote.ssl=false -Djava.rmi.server.hostname=localhost -Dspring.jmx.enabled=true -Dspring.application.admin.enabled=true -XX:TieredStopAtLevel=1 -Dspring.boot.project.name=Aayu1 -Dfile.encoding=UTF-8 -Djava.net.preferIPv4Stack=true com.home.Aayu1Application --spring.output.ansi.enabled=always

Host: Intel(R) Core(TM) i5-4210U CPU @ 1.70GHz, 4 cores, 7G,  Windows 10 , 64 bit Build 19041 (10.0.19041.1023)
Time: Wed Aug 11 09:24:02 2021 Nepal Standard Time elapsed time: 0 seconds (0d 0h 0m 0s)

---------------  T H R E A D  ---------------

Current thread (0x000002229a2d4000):  JavaThread "Unknown thread" [_thread_in_vm, id=11304, stack(0x00000093a3e00000,0x00000093a3f00000)]

Stack: [0x00000093a3e00000,0x00000093a3f00000]
Native frames: (J=compiled Java code, j=interpreted, Vv=VM code, C=native code)
V  [jvm.dll+0x63c21a]
V  [jvm.dll+0x7797df]
V  [jvm.dll+0x77adca]
V  [jvm.dll+0x77b483]
V  [jvm.dll+0x2627f8]
V  [jvm.dll+0x6396ca]
V  [jvm.dll+0x62dfa5]
V  [jvm.dll+0x31699c]
V  [jvm.dll+0x316822]
V  [jvm.dll+0x31c096]
V  [jvm.dll+0x36842f]
V  [jvm.dll+0x367e50]
V  [jvm.dll+0x2f38b8]
V  [jvm.dll+0x2f4a16]
V  [jvm.dll+0x752da7]
V  [jvm.dll+0x7544ef]
V  [jvm.dll+0x375269]
V  [jvm.dll+0x7394a9]
V  [jvm.dll+0x3e467d]
V  [jvm.dll+0x3e6951]
C  [javaw.exe+0x3613]
C  [javaw.exe+0x17e2c]
C  [KERNEL32.DLL+0x17034]
C  [ntdll.dll+0x52651]


---------------  P R O C E S S  ---------------

Threads class SMR info:
_java_thread_list=0x00000222980f8070, length=0, elements={
}

Java Threads: ( => current thread )

Other Threads:
  0x000002229a2ea800 GCTaskThread "GC Thread#0" [stack: 0x00000093a3f00000,0x00000093a4000000] [id=396]
  0x000002229a31c000 ConcurrentGCThread "G1 Main Marker" [stack: 0x00000093a4000000,0x00000093a4100000] [id=13884]
  0x000002229a31d800 ConcurrentGCThread "G1 Conc#0" [stack: 0x00000093a4100000,0x00000093a4200000] [id=5232]

[error occurred during error reporting (printing all threads), id 0xc0000005, EXCEPTION_ACCESS_VIOLATION (0xc0000005) at pc=0x00007ff820732137]

VM state:not at safepoint (not fully initialized)

VM Mutex/Monitor currently owned by a thread:  ([mutex/lock_event])
[0x000002229a2d03b0] Heap_lock - owner thread: 0x000002229a2d4000

Heap address: 0x0000000081800000, size: 2024 MB, Compressed Oops mode: Non-zero based: 0x0000000081800000
Narrow klass base: 0x0000000000000000, Narrow klass shift: 0

GC Heap History (0 events):
No events

Deoptimization events (0 events):
No events

Classes redefined (0 events):
No events

Internal exceptions (0 events):
No events

Events (0 events):
No events


Dynamic libraries:
0x00007ff6880c0000 - 0x00007ff688107000 	C:\Users\Ashish\Downloads\jdk-11.0.1_windows-x64_bin\jdk-11.0.1\bin\javaw.exe
0x00007ff86b1b0000 - 0x00007ff86b3a5000 	C:\WINDOWS\SYSTEM32\ntdll.dll
0x00007ff869660000 - 0x00007ff86971d000 	C:\WINDOWS\System32\KERNEL32.DLL
0x00007ff868ab0000 - 0x00007ff868d79000 	C:\WINDOWS\System32\KERNELBASE.dll
0x00007ff86a4f0000 - 0x00007ff86a59c000 	C:\WINDOWS\System32\ADVAPI32.dll
0x00007ff8699c0000 - 0x00007ff869a5e000 	C:\WINDOWS\System32\msvcrt.dll
0x00007ff86aa10000 - 0x00007ff86aaab000 	C:\WINDOWS\System32\sechost.dll
0x00007ff869220000 - 0x00007ff86934a000 	C:\WINDOWS\System32\RPCRT4.dll
0x00007ff869720000 - 0x00007ff8698c0000 	C:\WINDOWS\System32\USER32.dll
0x00007ff868fb0000 - 0x00007ff868fd2000 	C:\WINDOWS\System32\win32u.dll
0x00007ff8694f0000 - 0x00007ff86951a000 	C:\WINDOWS\System32\GDI32.dll
0x00007ff8688f0000 - 0x00007ff8689fb000 	C:\WINDOWS\System32\gdi32full.dll
0x00007ff868ee0000 - 0x00007ff868f7d000 	C:\WINDOWS\System32\msvcp_win.dll
0x00007ff868d80000 - 0x00007ff868e80000 	C:\WINDOWS\System32\ucrtbase.dll
0x00007ff85b8f0000 - 0x00007ff85bb8a000 	C:\WINDOWS\WinSxS\amd64_microsoft.windows.common-controls_6595b64144ccf1df_6.0.19041.1110_none_60b5254171f9507e\COMCTL32.dll
0x00007ff85c720000 - 0x00007ff85c72a000 	C:\WINDOWS\SYSTEM32\VERSION.dll
0x00007ff8693b0000 - 0x00007ff8693e0000 	C:\WINDOWS\System32\IMM32.DLL
0x00007ff8638c0000 - 0x00007ff8638d6000 	C:\Users\Ashish\Downloads\jdk-11.0.1_windows-x64_bin\jdk-11.0.1\bin\vcruntime140.dll
0x00007ff833350000 - 0x00007ff8333fa000 	C:\Users\Ashish\Downloads\jdk-11.0.1_windows-x64_bin\jdk-11.0.1\bin\msvcp140.dll
0x00007ff820430000 - 0x00007ff820f72000 	C:\Users\Ashish\Downloads\jdk-11.0.1_windows-x64_bin\jdk-11.0.1\bin\server\jvm.dll
0x00007ff86ac50000 - 0x00007ff86ac58000 	C:\WINDOWS\System32\PSAPI.DLL
0x00007ff85c6f0000 - 0x00007ff85c717000 	C:\WINDOWS\SYSTEM32\WINMM.dll
0x00007ff866120000 - 0x00007ff866129000 	C:\WINDOWS\SYSTEM32\WSOCK32.dll
0x00007ff86abe0000 - 0x00007ff86ac4b000 	C:\WINDOWS\System32\WS2_32.dll
0x00007ff866800000 - 0x00007ff866812000 	C:\WINDOWS\SYSTEM32\kernel.appcore.dll
0x00007ff859860000 - 0x00007ff859871000 	C:\Users\Ashish\Downloads\jdk-11.0.1_windows-x64_bin\jdk-11.0.1\bin\verify.dll
0x00007ff85a2a0000 - 0x00007ff85a484000 	C:\WINDOWS\SYSTEM32\DBGHELP.DLL
0x00007ff85a270000 - 0x00007ff85a29c000 	C:\WINDOWS\SYSTEM32\dbgcore.DLL
0x00007ff869140000 - 0x00007ff8691c3000 	C:\WINDOWS\System32\bcryptPrimitives.dll
0x00007ff8586e0000 - 0x00007ff858709000 	C:\Users\Ashish\Downloads\jdk-11.0.1_windows-x64_bin\jdk-11.0.1\bin\java.dll
0x00007ff8570a0000 - 0x00007ff8570b6000 	C:\Users\Ashish\Downloads\jdk-11.0.1_windows-x64_bin\jdk-11.0.1\bin\zip.dll
0x00007ff8636a0000 - 0x00007ff8636aa000 	C:\Users\Ashish\Downloads\jdk-11.0.1_windows-x64_bin\jdk-11.0.1\bin\jimage.dll

dbghelp: loaded successfully - version: 4.0.5 - missing functions: none
symbol engine: initialized successfully - sym options: 0x614 - pdb path: .;C:\Users\Ashish\Downloads\jdk-11.0.1_windows-x64_bin\jdk-11.0.1\bin;C:\WINDOWS\SYSTEM32;C:\WINDOWS\WinSxS\amd64_microsoft.windows.common-controls_6595b64144ccf1df_6.0.19041.1110_none_60b5254171f9507e;C:\Users\Ashish\Downloads\jdk-11.0.1_windows-x64_bin\jdk-11.0.1\bin\server

VM Arguments:
jvm_args: -Dcom.sun.management.jmxremote -Dcom.sun.management.jmxremote.port=58858 -Dcom.sun.management.jmxremote.authenticate=false -Dcom.sun.management.jmxremote.ssl=false -Djava.rmi.server.hostname=localhost -Dspring.jmx.enabled=true -Dspring.application.admin.enabled=true -XX:TieredStopAtLevel=1 -Dspring.boot.project.name=Aayu1 -Dfile.encoding=UTF-8 -Djava.net.preferIPv4Stack=true 
java_command: com.home.Aayu1Application --spring.output.ansi.enabled=always
java_class_path (initial): C:\Users\Ashish\Documents\java\Aayu1\target\classes;C:\Users\Ashish\.m2\repository\org\springframework\boot\spring-boot-starter-batch\2.5.3\spring-boot-starter-batch-2.5.3.jar;C:\Users\Ashish\.m2\repository\org\springframework\boot\spring-boot-starter\2.5.3\spring-boot-starter-2.5.3.jar;C:\Users\Ashish\.m2\repository\org\springframework\boot\spring-boot-starter-logging\2.5.3\spring-boot-starter-logging-2.5.3.jar;C:\Users\Ashish\.m2\repository\ch\qos\logback\logback-classic\1.2.4\logback-classic-1.2.4.jar;C:\Users\Ashish\.m2\repository\ch\qos\logback\logback-core\1.2.4\logback-core-1.2.4.jar;C:\Users\Ashish\.m2\repository\org\apache\logging\log4j\log4j-to-slf4j\2.14.1\log4j-to-slf4j-2.14.1.jar;C:\Users\Ashish\.m2\repository\org\apache\logging\log4j\log4j-api\2.14.1\log4j-api-2.14.1.jar;C:\Users\Ashish\.m2\repository\org\slf4j\jul-to-slf4j\1.7.32\jul-to-slf4j-1.7.32.jar;C:\Users\Ashish\.m2\repository\jakarta\annotation\jakarta.annotation-api\1.3.5\jakarta.annotation-api-1.3.5.jar;C:\Users\Ashish\.m2\repository\org\yaml\snakeyaml\1.28\snakeyaml-1.28.jar;C:\Users\Ashish\.m2\repository\org\springframework\boot\spring-boot-starter-jdbc\2.5.3\spring-boot-starter-jdbc-2.5.3.jar;C:\Users\Ashish\.m2\repository\com\zaxxer\HikariCP\4.0.3\HikariCP-4.0.3.jar;C:\Users\Ashish\.m2\repository\org\springframework\batch\spring-batch-core\4.3.3\spring-batch-core-4.3.3.jar;C:\Users\Ashish\.m2\repository\com\fasterxml\jackson\core\jackson-databind\2.12.4\jackson-databind-2.12.4.jar;C:\Users\Ashish\.m2\repository\com\fasterxml\jackson\core\jackson-annotations\2.12.4\jackson-annotations-2.12.4.jar;C:\Users\Ashish\.m2\repository\com\fasterxml\jackson\core\jackson-core\2.12.4\jackson-core-2.12.4.jar;C:\Users\Ashish\.m2\repository\io\micrometer\micrometer-core\1.7.2\micrometer-core-1.7.2.jar;C:\Users\Ashish\.m2\repository\org\hdrhistogram\HdrHistogram\2.1.12\HdrHistogram-2.1.12.jar;C:\Users\Ashish\.m2\repository\org\latencyutils\LatencyUtils\2.0.3\LatencyUtils-2.0.
Launcher Type: SUN_STANDARD

[Global flags]
     intx CICompilerCount                          = 3                                         {product} {ergonomic}
     uint ConcGCThreads                            = 1                                         {product} {ergonomic}
     uint G1ConcRefinementThreads                  = 4                                         {product} {ergonomic}
   size_t G1HeapRegionSize                         = 1048576                                   {product} {ergonomic}
    uintx GCDrainStackTargetSize                   = 64                                        {product} {ergonomic}
   size_t InitialHeapSize                          = 134217728                                 {product} {ergonomic}
     bool ManagementServer                         = true                                      {product} {command line}
   size_t MarkStackSize                            = 4194304                                   {product} {ergonomic}
   size_t MaxHeapSize                              = 2122317824                                {product} {ergonomic}
   size_t MinHeapDeltaBytes                        = 1048576                                   {product} {ergonomic}
    uintx NonNMethodCodeHeapSize                   = 6973028                                {pd product} {ergonomic}
    uintx NonProfiledCodeHeapSize                  = 244685212                              {pd product} {ergonomic}
    uintx ProfiledCodeHeapSize                     = 0                                      {pd product} {ergonomic}
    uintx ReservedCodeCacheSize                    = 251658240                              {pd product} {ergonomic}
     bool SegmentedCodeCache                       = true                                      {product} {ergonomic}
     intx TieredStopAtLevel                        = 1                                         {product} {command line}
     bool UseCompressedClassPointers               = true                                 {lp64_product} {ergonomic}
     bool UseCompressedOops                        = true                                 {lp64_product} {ergonomic}
     bool UseG1GC                                  = true                                      {product} {ergonomic}
     bool UseLargePagesIndividualAllocation        = false                                  {pd product} {ergonomic}

Logging:
Log output configuration:
 #0: stdout all=warning uptime,level,tags
 #1: stderr all=off uptime,level,tags

Environment Variables:
_JAVA_OPTIONS=-Djava.net.preferIPv4Stack=true
PATH=C:/Users/Ashish/Documents/sts-4.9.0.RELEASE//plugins/org.eclipse.justj.openjdk.hotspot.jre.full.win32.x86_64_15.0.2.v20210201-0955/jre/bin/server;C:/Users/Ashish/Documents/sts-4.9.0.RELEASE//plugins/org.eclipse.justj.openjdk.hotspot.jre.full.win32.x86_64_15.0.2.v20210201-0955/jre/bin;C:\Python39\Scripts\;C:\Python39\;C:\Program Files (x86)\Common Files\Oracle\Java\javapath;C:\WINDOWS\system32;C:\WINDOWS;C:\WINDOWS\System32\Wbem;C:\WINDOWS\System32\WindowsPowerShell\v1.0\;C:\WINDOWS\System32\OpenSSH\;C:\php;C:\Apache24;C:\Apache24\bin;C:\Program Files\NVIDIA Corporation\NVIDIA NvDLISR;C:\Program Files (x86)\NVIDIA Corporation\PhysX\Common;C:\WINDOWS\system32;C:\WINDOWS;C:\WINDOWS\System32\Wbem;C:\WINDOWS\System32\WindowsPowerShell\v1.0\;C:\WINDOWS\System32\OpenSSH\;C:\Program Files (x86)\NoteBook FanControl\;C:\Program Files\apache-maven-3.6.3\bin;C:\Program Files\nodejs\;C:\ProgramData\chocolatey\bin;C:\Program Files\Git\cmd;C:\Program Files\MiKTeX\miktex\bin\x64\;C:\Users\Ashish\Downloads\jdk-11.0.1_windows-x64_bin\jdk-11.0.1\bin;C:\Users\Ashish\AppData\Local\Microsoft\WindowsApps;C:\Users\Ashish\AppData\Local\Programs\Microsoft VS Code\bin;C:\Users\Ashish\AppData\Roaming\npm;C:\tools\dart-sdk\bin;C:\Users\Ashish\AppData\Roaming\Pub\Cache\bin;;C:\Users\Ashish\Documents\sts-4.9.0.RELEASE;
USERNAME=Ashish
OS=Windows_NT
PROCESSOR_IDENTIFIER=Intel64 Family 6 Model 69 Stepping 1, GenuineIntel



---------------  S Y S T E M  ---------------

OS: Windows 10 , 64 bit Build 19041 (10.0.19041.1023)

CPU:total 4 (initial active 4) (2 cores per cpu, 2 threads per core) family 6 model 69 stepping 1, cmov, cx8, fxsr, mmx, sse, sse2, sse3, ssse3, sse4.1, sse4.2, popcnt, avx, avx2, aes, clmul, erms, lzcnt, ht, tsc, tscinvbit, bmi1, bmi2, fma

Memory: 4k page, system-wide physical 8095M (836M free)
TotalPageFile size 10005M (AvailPageFile size 60M)
current process WorkingSet (physical memory assigned to process): 9M, peak: 9M
current process commit charge ("private bytes"): 49M, peak: 177M

vm_info: Java HotSpot(TM) 64-Bit Server VM (11.0.1+13-LTS) for windows-amd64 JRE (11.0.1+13-LTS), built on Oct  6 2018 13:20:16 by "mach5one" with MS VC++ 15.5 (VS2017)

END.
